03-12-2021 02:30:17 - crawler.main - INFO --> Started crawling: https://readmanganato.com/manga-qi951517
03-12-2021 02:30:19 - crawler.main - INFO --> Title: Kingdom
03-12-2021 02:31:00 - crawler.spider.Crawl - INFO --> Downloaded chapter: 1/10
03-12-2021 02:31:22 - crawler.spider.Crawl - INFO --> Downloaded chapter: 2/10
03-12-2021 02:31:32 - crawler.spider.Crawl - INFO --> Downloaded chapter: 3/10
03-12-2021 02:31:42 - crawler.spider.Crawl - INFO --> Downloaded chapter: 4/10
03-12-2021 02:31:53 - crawler.spider.Crawl - INFO --> Downloaded chapter: 5/10
03-12-2021 02:32:04 - crawler.spider.Crawl - INFO --> Downloaded chapter: 6/10
03-12-2021 02:32:13 - crawler.spider.Crawl - INFO --> Downloaded chapter: 7/10
03-12-2021 02:32:24 - crawler.spider.Crawl - INFO --> Downloaded chapter: 8/10
03-12-2021 02:32:36 - crawler.spider.Crawl - INFO --> Downloaded chapter: 9/10
03-12-2021 02:32:49 - crawler.spider.Crawl - INFO --> Downloaded chapter: 10/10
03-12-2021 02:32:52 - crawler.main - INFO --> Done crawling!
03-12-2021 02:32:52 - crawler.utils.timeit - INFO --> "main" took: 154.2688648700714 secs

03-12-2021 12:27:10 - crawler.main - INFO --> Started crawling: https://readmanganato.com/manga-qi951517
03-12-2021 12:27:11 - crawler.main - INFO --> Title: Kingdom (0 - 100)
03-12-2021 12:27:55 - crawler.spider.Crawl - INFO --> Downloaded chapter: 1/100
03-12-2021 12:28:15 - crawler.spider.Crawl - INFO --> Downloaded chapter: 2/100
03-12-2021 12:28:29 - crawler.spider.Crawl - INFO --> Downloaded chapter: 3/100
03-12-2021 12:28:39 - crawler.spider.Crawl - INFO --> Downloaded chapter: 4/100
03-12-2021 12:28:49 - crawler.spider.Crawl - INFO --> Downloaded chapter: 5/100
03-12-2021 12:29:01 - crawler.spider.Crawl - INFO --> Downloaded chapter: 6/100
03-12-2021 12:29:12 - crawler.spider.Crawl - INFO --> Downloaded chapter: 7/100
03-12-2021 12:29:24 - crawler.spider.Crawl - INFO --> Downloaded chapter: 8/100
03-12-2021 12:29:37 - crawler.spider.Crawl - INFO --> Downloaded chapter: 9/100
03-12-2021 12:29:53 - crawler.spider.Crawl - INFO --> Downloaded chapter: 10/100
03-12-2021 12:30:08 - crawler.spider.Crawl - INFO --> Downloaded chapter: 11/100
03-12-2021 12:30:20 - crawler.spider.Crawl - INFO --> Downloaded chapter: 12/100
03-12-2021 12:30:34 - crawler.spider.Crawl - INFO --> Downloaded chapter: 13/100
03-12-2021 12:30:41 - crawler.spider.Crawl - INFO --> Downloaded chapter: 14/100
03-12-2021 12:30:54 - crawler.spider.Crawl - INFO --> Downloaded chapter: 15/100
03-12-2021 12:31:08 - crawler.spider.Crawl - INFO --> Downloaded chapter: 16/100
03-12-2021 12:31:23 - crawler.spider.Crawl - INFO --> Downloaded chapter: 17/100
03-12-2021 12:31:35 - crawler.spider.Crawl - INFO --> Downloaded chapter: 18/100
03-12-2021 12:31:47 - crawler.spider.Crawl - INFO --> Downloaded chapter: 19/100
03-12-2021 12:32:03 - crawler.spider.Crawl - INFO --> Downloaded chapter: 20/100
03-12-2021 12:32:15 - crawler.spider.Crawl - INFO --> Downloaded chapter: 21/100
03-12-2021 12:32:25 - crawler.spider.Crawl - INFO --> Downloaded chapter: 22/100
03-12-2021 12:32:36 - crawler.spider.Crawl - INFO --> Downloaded chapter: 23/100
03-12-2021 12:32:48 - crawler.spider.Crawl - INFO --> Downloaded chapter: 24/100
03-12-2021 12:33:00 - crawler.spider.Crawl - INFO --> Downloaded chapter: 25/100
03-12-2021 12:33:10 - crawler.spider.Crawl - INFO --> Downloaded chapter: 26/100
03-12-2021 12:33:21 - crawler.spider.Crawl - INFO --> Downloaded chapter: 27/100
03-12-2021 12:33:35 - crawler.spider.Crawl - INFO --> Downloaded chapter: 28/100
03-12-2021 12:33:48 - crawler.spider.Crawl - INFO --> Downloaded chapter: 29/100
03-12-2021 12:34:00 - crawler.spider.Crawl - INFO --> Downloaded chapter: 30/100
03-12-2021 12:34:14 - crawler.spider.Crawl - INFO --> Downloaded chapter: 31/100
03-12-2021 12:34:25 - crawler.spider.Crawl - INFO --> Downloaded chapter: 32/100
03-12-2021 12:34:38 - crawler.spider.Crawl - INFO --> Downloaded chapter: 33/100
03-12-2021 12:34:51 - crawler.spider.Crawl - INFO --> Downloaded chapter: 34/100
03-12-2021 12:35:00 - crawler.spider.Crawl - INFO --> Downloaded chapter: 35/100
03-12-2021 12:35:12 - crawler.spider.Crawl - INFO --> Downloaded chapter: 36/100
03-12-2021 12:35:25 - crawler.spider.Crawl - INFO --> Downloaded chapter: 37/100
03-12-2021 12:35:35 - crawler.spider.Crawl - INFO --> Downloaded chapter: 38/100
03-12-2021 12:35:50 - crawler.spider.Crawl - INFO --> Downloaded chapter: 39/100
03-12-2021 12:36:01 - crawler.spider.Crawl - INFO --> Downloaded chapter: 40/100
03-12-2021 12:36:15 - crawler.spider.Crawl - INFO --> Downloaded chapter: 41/100
03-12-2021 12:36:29 - crawler.spider.Crawl - INFO --> Downloaded chapter: 42/100
03-12-2021 12:36:40 - crawler.spider.Crawl - INFO --> Downloaded chapter: 43/100
03-12-2021 12:36:52 - crawler.spider.Crawl - INFO --> Downloaded chapter: 44/100
03-12-2021 12:37:05 - crawler.spider.Crawl - INFO --> Downloaded chapter: 45/100
03-12-2021 12:37:14 - crawler.spider.Crawl - INFO --> Downloaded chapter: 46/100
03-12-2021 12:37:26 - crawler.spider.Crawl - INFO --> Downloaded chapter: 47/100
03-12-2021 12:37:36 - crawler.spider.Crawl - INFO --> Downloaded chapter: 48/100
03-12-2021 12:37:56 - crawler.spider.Crawl - INFO --> Downloaded chapter: 49/100
03-12-2021 12:38:09 - crawler.spider.Crawl - INFO --> Downloaded chapter: 50/100
03-12-2021 12:38:20 - crawler.spider.Crawl - INFO --> Downloaded chapter: 51/100
03-12-2021 12:38:31 - crawler.spider.Crawl - INFO --> Downloaded chapter: 52/100
03-12-2021 12:38:43 - crawler.spider.Crawl - INFO --> Downloaded chapter: 53/100
03-12-2021 12:38:54 - crawler.spider.Crawl - INFO --> Downloaded chapter: 54/100
03-12-2021 12:39:07 - crawler.spider.Crawl - INFO --> Downloaded chapter: 55/100
03-12-2021 12:39:19 - crawler.spider.Crawl - INFO --> Downloaded chapter: 56/100
03-12-2021 12:39:32 - crawler.spider.Crawl - INFO --> Downloaded chapter: 57/100
03-12-2021 12:39:43 - crawler.spider.Crawl - INFO --> Downloaded chapter: 58/100
03-12-2021 12:39:54 - crawler.spider.Crawl - INFO --> Downloaded chapter: 59/100
03-12-2021 12:40:07 - crawler.spider.Crawl - INFO --> Downloaded chapter: 60/100
03-12-2021 12:40:19 - crawler.spider.Crawl - INFO --> Downloaded chapter: 61/100
03-12-2021 12:40:30 - crawler.spider.Crawl - INFO --> Downloaded chapter: 62/100
03-12-2021 12:40:42 - crawler.spider.Crawl - INFO --> Downloaded chapter: 63/100
03-12-2021 12:40:57 - crawler.spider.Crawl - INFO --> Downloaded chapter: 64/100
03-12-2021 12:41:10 - crawler.spider.Crawl - INFO --> Downloaded chapter: 65/100
03-12-2021 12:41:27 - crawler.spider.Crawl - INFO --> Downloaded chapter: 66/100
03-12-2021 12:41:43 - crawler.spider.Crawl - INFO --> Downloaded chapter: 67/100
03-12-2021 12:41:56 - crawler.spider.Crawl - INFO --> Downloaded chapter: 68/100
03-12-2021 12:42:08 - crawler.spider.Crawl - INFO --> Downloaded chapter: 69/100
03-12-2021 12:42:19 - crawler.spider.Crawl - INFO --> Downloaded chapter: 70/100
03-12-2021 12:42:31 - crawler.spider.Crawl - INFO --> Downloaded chapter: 71/100
03-12-2021 12:42:42 - crawler.spider.Crawl - INFO --> Downloaded chapter: 72/100
03-12-2021 12:42:55 - crawler.spider.Crawl - INFO --> Downloaded chapter: 73/100
03-12-2021 12:43:18 - crawler.spider.Crawl - INFO --> Downloaded chapter: 74/100
03-12-2021 12:43:30 - crawler.spider.Crawl - INFO --> Downloaded chapter: 75/100
03-12-2021 12:43:43 - crawler.spider.Crawl - INFO --> Downloaded chapter: 76/100
03-12-2021 12:43:57 - crawler.spider.Crawl - INFO --> Downloaded chapter: 77/100
03-12-2021 12:44:10 - crawler.spider.Crawl - INFO --> Downloaded chapter: 78/100
03-12-2021 12:44:21 - crawler.spider.Crawl - INFO --> Downloaded chapter: 79/100
03-12-2021 12:44:33 - crawler.spider.Crawl - INFO --> Downloaded chapter: 80/100
03-12-2021 12:44:45 - crawler.spider.Crawl - INFO --> Downloaded chapter: 81/100
03-12-2021 12:44:56 - crawler.spider.Crawl - INFO --> Downloaded chapter: 82/100
03-12-2021 12:45:09 - crawler.spider.Crawl - INFO --> Downloaded chapter: 83/100
03-12-2021 12:45:22 - crawler.spider.Crawl - INFO --> Downloaded chapter: 84/100
03-12-2021 12:45:34 - crawler.spider.Crawl - INFO --> Downloaded chapter: 85/100
03-12-2021 12:45:47 - crawler.spider.Crawl - INFO --> Downloaded chapter: 86/100
03-12-2021 12:46:08 - crawler.spider.Crawl - INFO --> Downloaded chapter: 87/100
03-12-2021 12:46:23 - crawler.spider.Crawl - INFO --> Downloaded chapter: 88/100
03-12-2021 12:46:33 - crawler.spider.Crawl - INFO --> Downloaded chapter: 89/100
03-12-2021 12:46:46 - crawler.spider.Crawl - INFO --> Downloaded chapter: 90/100
03-12-2021 12:46:57 - crawler.spider.Crawl - INFO --> Downloaded chapter: 91/100
03-12-2021 12:47:08 - crawler.spider.Crawl - INFO --> Downloaded chapter: 92/100
03-12-2021 12:47:20 - crawler.spider.Crawl - INFO --> Downloaded chapter: 93/100
03-12-2021 12:47:36 - crawler.spider.Crawl - INFO --> Downloaded chapter: 94/100
03-12-2021 12:47:48 - crawler.spider.Crawl - INFO --> Downloaded chapter: 95/100
03-12-2021 12:48:02 - crawler.spider.Crawl - INFO --> Downloaded chapter: 96/100
03-12-2021 12:48:14 - crawler.spider.Crawl - INFO --> Downloaded chapter: 97/100
03-12-2021 12:48:26 - crawler.spider.Crawl - INFO --> Downloaded chapter: 98/100
03-12-2021 12:48:41 - crawler.spider.Crawl - INFO --> Downloaded chapter: 99/100
03-12-2021 12:48:53 - crawler.spider.Crawl - INFO --> Downloaded chapter: 100/100
03-12-2021 12:48:56 - crawler.main - INFO --> Done crawling!
03-12-2021 12:48:56 - crawler.utils.timeit - INFO --> "main" took: 1306.1079535484314 secs

03-12-2021 21:21:04 - crawler.main - INFO --> Started crawling: https://readmanganato.com/manga-qi951517
03-12-2021 21:21:06 - crawler.main - INFO --> Title: Kingdom (0 - 11)
03-12-2021 21:21:38 - crawler.spider.Crawl - INFO --> Downloaded chapter: 1/11
03-12-2021 21:21:58 - crawler.spider.Crawl - INFO --> Downloaded chapter: 2/11
03-12-2021 21:22:12 - crawler.spider.Crawl - INFO --> Downloaded chapter: 3/11
03-12-2021 21:22:21 - crawler.spider.Crawl - INFO --> Downloaded chapter: 4/11
03-12-2021 21:22:35 - crawler.spider.Crawl - INFO --> Downloaded chapter: 5/11
03-12-2021 21:22:47 - crawler.spider.Crawl - INFO --> Downloaded chapter: 6/11
03-12-2021 21:22:57 - crawler.spider.Crawl - INFO --> Downloaded chapter: 7/11
03-12-2021 21:23:09 - crawler.spider.Crawl - INFO --> Downloaded chapter: 8/11
03-12-2021 21:23:22 - crawler.spider.Crawl - INFO --> Downloaded chapter: 9/11
03-12-2021 21:23:33 - crawler.spider.Crawl - INFO --> Downloaded chapter: 10/11
03-12-2021 21:23:47 - crawler.spider.Crawl - INFO --> Downloaded chapter: 11/11
03-12-2021 21:23:49 - crawler.main - INFO --> Uploaded metadata of manga
03-12-2021 21:23:54 - crawler.main - INFO --> Updated global metadata index
03-12-2021 21:23:54 - crawler.main - INFO --> Done crawling!
03-12-2021 21:23:54 - crawler.utils.timeit - INFO --> "main" took: 169.2413477897644 secs

