09-12-2021 00:37:04 - crawler.spider.Fetch - WARNING --> Image Content: Timeout, Retrying (retry: #0)
09-12-2021 00:37:04 - crawler.spider.Fetch - WARNING --> Image Content: Timeout, Retrying (retry: #0)
09-12-2021 00:37:04 - crawler.spider.Fetch - WARNING --> Image Content: Timeout, Retrying (retry: #0)
09-12-2021 00:37:04 - crawler.spider.Fetch - WARNING --> Image Content: Timeout, Retrying (retry: #0)
09-12-2021 00:38:08 - crawler.spider.Fetch - WARNING --> Image Content: Timeout, Retrying (retry: #0)
09-12-2021 00:38:08 - crawler.spider.Fetch - WARNING --> Image Content: Timeout, Retrying (retry: #0)
09-12-2021 00:40:27 - crawler.spider.Fetch - WARNING --> Image Content: Timeout, Retrying (retry: #0)
09-12-2021 00:43:45 - crawler.spider.Fetch - WARNING --> Image Content: Timeout, Retrying (retry: #0)
09-12-2021 00:44:39 - crawler.spider.Fetch - WARNING --> Image Content: Timeout, Retrying (retry: #0)
09-12-2021 00:46:38 - crawler.spider.Fetch - WARNING --> Image Content: Timeout, Retrying (retry: #0)
09-12-2021 00:47:59 - crawler.spider.Fetch - WARNING --> Image Content: Timeout, Retrying (retry: #0)
09-12-2021 00:47:59 - crawler.spider.Fetch - WARNING --> Image Content: Timeout, Retrying (retry: #0)
09-12-2021 00:52:32 - crawler.spider.Fetch - WARNING --> Image Content: Timeout, Retrying (retry: #0)
09-12-2021 00:55:59 - crawler.spider.Fetch - WARNING --> Image Content: Timeout, Retrying (retry: #0)
09-12-2021 00:55:59 - crawler.spider.Fetch - WARNING --> Image Content: Timeout, Retrying (retry: #0)
09-12-2021 00:55:59 - crawler.spider.Fetch - WARNING --> Image Content: Timeout, Retrying (retry: #0)
09-12-2021 00:55:59 - crawler.spider.Fetch - WARNING --> Image Content: Timeout, Retrying (retry: #0)
09-12-2021 00:55:59 - crawler.spider.Fetch - WARNING --> Image Content: Timeout, Retrying (retry: #0)
09-12-2021 00:55:59 - crawler.spider.Fetch - WARNING --> Image Content: Timeout, Retrying (retry: #0)
09-12-2021 00:58:44 - crawler.spider.Fetch - WARNING --> Image Content: Timeout, Retrying (retry: #0)
09-12-2021 00:58:44 - crawler.spider.Fetch - WARNING --> Image Content: Timeout, Retrying (retry: #0)
09-12-2021 00:58:44 - crawler.spider.Fetch - WARNING --> Image Content: Timeout, Retrying (retry: #0)
09-12-2021 00:58:44 - crawler.spider.Fetch - WARNING --> Image Content: Timeout, Retrying (retry: #0)
09-12-2021 00:59:42 - crawler.spider.Fetch - WARNING --> Image Content: Timeout, Retrying (retry: #0)
09-12-2021 00:59:42 - crawler.spider.Fetch - WARNING --> Image Content: Timeout, Retrying (retry: #0)
09-12-2021 00:59:42 - crawler.spider.Fetch - WARNING --> Image Content: Timeout, Retrying (retry: #0)
09-12-2021 01:00:32 - crawler.spider.Fetch - WARNING --> Image Content: Timeout, Retrying (retry: #0)
09-12-2021 01:00:32 - crawler.spider.Fetch - WARNING --> Image Content: Timeout, Retrying (retry: #0)
09-12-2021 01:02:39 - crawler.spider.Fetch - WARNING --> Image Content: Timeout, Retrying (retry: #0)
09-12-2021 01:02:39 - crawler.spider.Fetch - WARNING --> Image Content: Timeout, Retrying (retry: #0)
09-12-2021 01:03:30 - crawler.spider.Fetch - WARNING --> Image Content: Timeout, Retrying (retry: #0)
09-12-2021 01:04:19 - crawler.spider.Fetch - WARNING --> Image Content: Timeout, Retrying (retry: #0)
09-12-2021 01:07:06 - crawler.spider.Fetch - WARNING --> Image Content: Timeout, Retrying (retry: #0)
09-12-2021 01:07:54 - crawler.spider.Fetch - WARNING --> Image Content: Timeout, Retrying (retry: #0)
09-12-2021 01:07:54 - crawler.spider.Fetch - WARNING --> Image Content: Timeout, Retrying (retry: #0)
09-12-2021 01:07:54 - crawler.spider.Fetch - WARNING --> Image Content: Timeout, Retrying (retry: #0)
09-12-2021 01:07:54 - crawler.spider.Fetch - WARNING --> Image Content: Timeout, Retrying (retry: #0)
09-12-2021 01:07:54 - crawler.spider.Fetch - WARNING --> Image Content: Timeout, Retrying (retry: #0)
09-12-2021 01:07:54 - crawler.spider.Fetch - WARNING --> Image Content: Timeout, Retrying (retry: #0)
09-12-2021 01:07:54 - crawler.spider.Fetch - WARNING --> Image Content: Timeout, Retrying (retry: #0)
09-12-2021 01:07:54 - crawler.spider.Fetch - WARNING --> Image Content: Timeout, Retrying (retry: #0)
09-12-2021 01:07:54 - crawler.spider.Fetch - WARNING --> Image Content: Timeout, Retrying (retry: #0)
09-12-2021 01:07:54 - crawler.spider.Fetch - WARNING --> Image Content: Timeout, Retrying (retry: #0)
09-12-2021 01:07:54 - crawler.spider.Fetch - WARNING --> Image Content: Timeout, Retrying (retry: #0)
09-12-2021 01:07:54 - crawler.spider.Fetch - WARNING --> Image Content: Timeout, Retrying (retry: #0)
09-12-2021 01:07:54 - crawler.spider.Fetch - WARNING --> Image Content: Timeout, Retrying (retry: #0)
09-12-2021 01:07:54 - crawler.spider.Fetch - WARNING --> Image Content: Timeout, Retrying (retry: #0)
09-12-2021 01:07:54 - crawler.spider.Fetch - WARNING --> Image Content: Timeout, Retrying (retry: #0)
09-12-2021 01:07:54 - crawler.spider.Fetch - WARNING --> Image Content: Timeout, Retrying (retry: #0)
09-12-2021 01:08:53 - crawler.spider.Fetch - ERROR --> Image Content: Server disconnected
Traceback (most recent call last):
  File "/home/shambu/Desktop/Dev/cpp-el/Misc/crawler/spider/spider.py", line 26, in async_fetch
    async with session.get(url, timeout=20) as response:
  File "/home/shambu/Desktop/Dev/cpp-el/Misc/crawler/venv/lib/python3.8/site-packages/aiohttp/client.py", line 1138, in __aenter__
    self._resp = await self._coro
  File "/home/shambu/Desktop/Dev/cpp-el/Misc/crawler/venv/lib/python3.8/site-packages/aiohttp/client.py", line 559, in _request
    await resp.start(conn)
  File "/home/shambu/Desktop/Dev/cpp-el/Misc/crawler/venv/lib/python3.8/site-packages/aiohttp/client_reqrep.py", line 898, in start
    message, payload = await protocol.read()  # type: ignore[union-attr]
  File "/home/shambu/Desktop/Dev/cpp-el/Misc/crawler/venv/lib/python3.8/site-packages/aiohttp/streams.py", line 616, in read
    await self._waiter
aiohttp.client_exceptions.ServerDisconnectedError: Server disconnected
09-12-2021 01:08:55 - crawler.spider.Fetch - WARNING --> Image Content: Timeout, Retrying (retry: #0)
09-12-2021 01:08:55 - crawler.spider.Fetch - WARNING --> Image Content: Timeout, Retrying (retry: #0)
09-12-2021 01:08:55 - crawler.spider.Fetch - WARNING --> Image Content: Timeout, Retrying (retry: #0)
09-12-2021 01:08:55 - crawler.spider.Fetch - WARNING --> Image Content: Timeout, Retrying (retry: #0)
09-12-2021 01:08:55 - crawler.spider.Fetch - WARNING --> Image Content: Timeout, Retrying (retry: #0)
09-12-2021 01:08:55 - crawler.spider.Fetch - WARNING --> Image Content: Timeout, Retrying (retry: #0)
09-12-2021 01:08:55 - crawler.spider.Fetch - WARNING --> Image Content: Timeout, Retrying (retry: #0)
09-12-2021 01:08:55 - crawler.spider.Fetch - WARNING --> Image Content: Timeout, Retrying (retry: #0)
09-12-2021 01:08:55 - crawler.spider.Fetch - WARNING --> Image Content: Timeout, Retrying (retry: #0)
09-12-2021 01:09:56 - crawler.spider.Fetch - WARNING --> Image Content: Timeout, Retrying (retry: #0)
09-12-2021 01:09:56 - crawler.spider.Fetch - WARNING --> Image Content: Timeout, Retrying (retry: #0)
