09-12-2021 12:37:48 - crawler.main - INFO --> Started crawling: https://readmanganato.com/manga-dr980474
09-12-2021 12:37:50 - crawler.spider.Crawl - DEBUG --> Fetched --> Title: Solo Leveling --> Chapter Index Extracted --> 181 chapters found
09-12-2021 12:37:50 - crawler.main - INFO --> Title: Solo Leveling (0 - 181)
09-12-2021 12:37:52 - crawler.main - DEBUG --> Created drive folder --> folder id: 13jJrVioD_gwgG5x2D6K8ZPX0jRlgEsp-
09-12-2021 12:37:52 - crawler.spider.Crawl - DEBUG --> Chapters 0-181 to fetch
09-12-2021 12:38:04 - crawler.spider.Crawl - DEBUG --> Fetched --> 181 chapters --> Every chapter's image urls are extracted
09-12-2021 12:38:22 - crawler.spider.Crawl - DEBUG --> Fetched --> Chapter 1's images
09-12-2021 12:38:42 - crawler.spider.Crawl - DEBUG --> Uploaded to drive --> Chapter 1's images
09-12-2021 12:38:42 - crawler.spider.Crawl - INFO --> Downloaded chapter: 1/181
09-12-2021 12:38:42 - crawler.spider.Crawl - DEBUG --> Garbage collector --> collected 45627 objects
09-12-2021 12:38:49 - crawler.spider.Crawl - DEBUG --> Fetched --> Chapter 2's images
09-12-2021 12:39:08 - crawler.spider.Crawl - DEBUG --> Uploaded to drive --> Chapter 2's images
09-12-2021 12:39:08 - crawler.spider.Crawl - INFO --> Downloaded chapter: 2/181
09-12-2021 12:39:08 - crawler.spider.Crawl - DEBUG --> Garbage collector --> collected 2292 objects
09-12-2021 12:39:12 - crawler.spider.Crawl - DEBUG --> Fetched --> Chapter 3's images
09-12-2021 12:39:24 - crawler.spider.Crawl - DEBUG --> Uploaded to drive --> Chapter 3's images
09-12-2021 12:39:24 - crawler.spider.Crawl - INFO --> Downloaded chapter: 3/181
09-12-2021 12:39:24 - crawler.spider.Crawl - DEBUG --> Garbage collector --> collected 7668 objects
09-12-2021 12:39:32 - crawler.spider.Crawl - DEBUG --> Fetched --> Chapter 4's images
09-12-2021 12:39:52 - crawler.spider.Crawl - DEBUG --> Uploaded to drive --> Chapter 4's images
09-12-2021 12:39:52 - crawler.spider.Crawl - INFO --> Downloaded chapter: 4/181
09-12-2021 12:39:52 - crawler.spider.Crawl - DEBUG --> Garbage collector --> collected 6181 objects
09-12-2021 12:40:01 - crawler.spider.Crawl - DEBUG --> Fetched --> Chapter 5's images
09-12-2021 12:40:23 - crawler.spider.Crawl - DEBUG --> Uploaded to drive --> Chapter 5's images
09-12-2021 12:40:23 - crawler.spider.Crawl - INFO --> Downloaded chapter: 5/181
09-12-2021 12:40:23 - crawler.spider.Crawl - DEBUG --> Garbage collector --> collected 5482 objects
09-12-2021 12:40:35 - crawler.spider.Crawl - DEBUG --> Fetched --> Chapter 6's images
09-12-2021 12:40:55 - crawler.spider.Crawl - DEBUG --> Uploaded to drive --> Chapter 6's images
09-12-2021 12:40:55 - crawler.spider.Crawl - INFO --> Downloaded chapter: 6/181
09-12-2021 12:40:55 - crawler.spider.Crawl - DEBUG --> Garbage collector --> collected 5778 objects
09-12-2021 12:41:00 - crawler.spider.Crawl - DEBUG --> Fetched --> Chapter 7's images
09-12-2021 12:41:20 - crawler.spider.Crawl - DEBUG --> Uploaded to drive --> Chapter 7's images
09-12-2021 12:41:20 - crawler.spider.Crawl - INFO --> Downloaded chapter: 7/181
09-12-2021 12:41:20 - crawler.spider.Crawl - DEBUG --> Garbage collector --> collected 5556 objects
09-12-2021 12:41:28 - crawler.spider.Crawl - DEBUG --> Fetched --> Chapter 8's images
09-12-2021 12:41:52 - crawler.spider.Crawl - DEBUG --> Uploaded to drive --> Chapter 8's images
09-12-2021 12:41:52 - crawler.spider.Crawl - INFO --> Downloaded chapter: 8/181
09-12-2021 12:41:52 - crawler.spider.Crawl - DEBUG --> Garbage collector --> collected 5752 objects
09-12-2021 12:41:56 - crawler.spider.Crawl - DEBUG --> Fetched --> Chapter 9's images
09-12-2021 12:42:20 - crawler.spider.Crawl - DEBUG --> Uploaded to drive --> Chapter 9's images
09-12-2021 12:42:20 - crawler.spider.Crawl - INFO --> Downloaded chapter: 9/181
09-12-2021 12:42:20 - crawler.spider.Crawl - DEBUG --> Garbage collector --> collected 5030 objects
09-12-2021 12:42:31 - crawler.spider.Crawl - DEBUG --> Fetched --> Chapter 10's images
09-12-2021 12:42:52 - crawler.spider.Crawl - DEBUG --> Uploaded to drive --> Chapter 10's images
09-12-2021 12:42:52 - crawler.spider.Crawl - INFO --> Downloaded chapter: 10/181
09-12-2021 12:42:52 - crawler.spider.Crawl - DEBUG --> Garbage collector --> collected 5856 objects
09-12-2021 12:42:56 - crawler.spider.Crawl - DEBUG --> Fetched --> Chapter 11's images
09-12-2021 12:43:14 - crawler.spider.Crawl - DEBUG --> Uploaded to drive --> Chapter 11's images
09-12-2021 12:43:14 - crawler.spider.Crawl - INFO --> Downloaded chapter: 11/181
09-12-2021 12:43:14 - crawler.spider.Crawl - DEBUG --> Garbage collector --> collected 5245 objects
09-12-2021 12:43:18 - crawler.spider.Crawl - DEBUG --> Fetched --> Chapter 12's images
09-12-2021 12:43:38 - crawler.spider.Crawl - DEBUG --> Uploaded to drive --> Chapter 12's images
09-12-2021 12:43:38 - crawler.spider.Crawl - INFO --> Downloaded chapter: 12/181
09-12-2021 12:43:38 - crawler.spider.Crawl - DEBUG --> Garbage collector --> collected 4301 objects
09-12-2021 12:43:48 - crawler.spider.Crawl - DEBUG --> Fetched --> Chapter 13's images
09-12-2021 12:44:07 - crawler.spider.Crawl - DEBUG --> Uploaded to drive --> Chapter 13's images
09-12-2021 12:44:07 - crawler.spider.Crawl - INFO --> Downloaded chapter: 13/181
09-12-2021 12:44:07 - crawler.spider.Crawl - DEBUG --> Garbage collector --> collected 6544 objects
09-12-2021 12:44:19 - crawler.spider.Crawl - DEBUG --> Fetched --> Chapter 14's images
09-12-2021 12:44:44 - crawler.spider.Crawl - DEBUG --> Uploaded to drive --> Chapter 14's images
09-12-2021 12:44:44 - crawler.spider.Crawl - INFO --> Downloaded chapter: 14/181
09-12-2021 12:44:44 - crawler.spider.Crawl - DEBUG --> Garbage collector --> collected 3921 objects
09-12-2021 12:44:51 - crawler.spider.Crawl - DEBUG --> Fetched --> Chapter 15's images
09-12-2021 12:45:08 - crawler.spider.Crawl - DEBUG --> Uploaded to drive --> Chapter 15's images
09-12-2021 12:45:08 - crawler.spider.Crawl - INFO --> Downloaded chapter: 15/181
09-12-2021 12:45:08 - crawler.spider.Crawl - DEBUG --> Garbage collector --> collected 6236 objects
09-12-2021 12:45:19 - crawler.spider.Crawl - DEBUG --> Fetched --> Chapter 16's images
09-12-2021 12:45:42 - crawler.spider.Crawl - DEBUG --> Uploaded to drive --> Chapter 16's images
09-12-2021 12:45:42 - crawler.spider.Crawl - INFO --> Downloaded chapter: 16/181
09-12-2021 12:45:42 - crawler.spider.Crawl - DEBUG --> Garbage collector --> collected 7204 objects
09-12-2021 12:45:57 - crawler.spider.Crawl - DEBUG --> Fetched --> Chapter 17's images
09-12-2021 12:46:25 - crawler.spider.Crawl - DEBUG --> Uploaded to drive --> Chapter 17's images
09-12-2021 12:46:25 - crawler.spider.Crawl - INFO --> Downloaded chapter: 17/181
09-12-2021 12:46:25 - crawler.spider.Crawl - DEBUG --> Garbage collector --> collected 3394 objects
09-12-2021 12:46:33 - crawler.spider.Crawl - DEBUG --> Fetched --> Chapter 18's images
09-12-2021 12:46:57 - crawler.spider.Crawl - DEBUG --> Uploaded to drive --> Chapter 18's images
09-12-2021 12:46:57 - crawler.spider.Crawl - INFO --> Downloaded chapter: 18/181
09-12-2021 12:46:57 - crawler.spider.Crawl - DEBUG --> Garbage collector --> collected 5103 objects
09-12-2021 12:47:01 - crawler.spider.Crawl - DEBUG --> Fetched --> Chapter 19's images
09-12-2021 12:47:20 - crawler.spider.Crawl - DEBUG --> Uploaded to drive --> Chapter 19's images
09-12-2021 12:47:20 - crawler.spider.Crawl - INFO --> Downloaded chapter: 19/181
09-12-2021 12:47:20 - crawler.spider.Crawl - DEBUG --> Garbage collector --> collected 6376 objects
09-12-2021 12:47:24 - crawler.spider.Crawl - DEBUG --> Fetched --> Chapter 20's images
09-12-2021 12:47:53 - crawler.spider.Crawl - DEBUG --> Uploaded to drive --> Chapter 20's images
09-12-2021 12:47:53 - crawler.spider.Crawl - INFO --> Downloaded chapter: 20/181
09-12-2021 12:47:53 - crawler.spider.Crawl - DEBUG --> Garbage collector --> collected 9648 objects
09-12-2021 12:48:04 - crawler.spider.Crawl - DEBUG --> Fetched --> Chapter 21's images
09-12-2021 12:48:26 - crawler.spider.Crawl - DEBUG --> Uploaded to drive --> Chapter 21's images
09-12-2021 12:48:26 - crawler.spider.Crawl - INFO --> Downloaded chapter: 21/181
09-12-2021 12:48:26 - crawler.spider.Crawl - DEBUG --> Garbage collector --> collected 5178 objects
09-12-2021 12:48:33 - crawler.spider.Crawl - DEBUG --> Fetched --> Chapter 22's images
09-12-2021 12:48:55 - crawler.spider.Crawl - DEBUG --> Uploaded to drive --> Chapter 22's images
09-12-2021 12:48:55 - crawler.spider.Crawl - INFO --> Downloaded chapter: 22/181
09-12-2021 12:48:55 - crawler.spider.Crawl - DEBUG --> Garbage collector --> collected 10361 objects
09-12-2021 12:49:08 - crawler.spider.Crawl - DEBUG --> Fetched --> Chapter 23's images
09-12-2021 12:49:34 - crawler.spider.Crawl - DEBUG --> Uploaded to drive --> Chapter 23's images
09-12-2021 12:49:34 - crawler.spider.Crawl - INFO --> Downloaded chapter: 23/181
09-12-2021 12:49:34 - crawler.spider.Crawl - DEBUG --> Garbage collector --> collected 5804 objects
09-12-2021 12:49:44 - crawler.spider.Crawl - DEBUG --> Fetched --> Chapter 24's images
09-12-2021 12:50:10 - crawler.spider.Crawl - DEBUG --> Uploaded to drive --> Chapter 24's images
09-12-2021 12:50:10 - crawler.spider.Crawl - INFO --> Downloaded chapter: 24/181
09-12-2021 12:50:11 - crawler.spider.Crawl - DEBUG --> Garbage collector --> collected 7505 objects
09-12-2021 12:50:22 - crawler.spider.Crawl - DEBUG --> Fetched --> Chapter 25's images
09-12-2021 12:50:47 - crawler.spider.Crawl - DEBUG --> Uploaded to drive --> Chapter 25's images
09-12-2021 12:50:47 - crawler.spider.Crawl - INFO --> Downloaded chapter: 25/181
09-12-2021 12:50:47 - crawler.spider.Crawl - DEBUG --> Garbage collector --> collected 9096 objects
09-12-2021 12:50:57 - crawler.spider.Crawl - DEBUG --> Fetched --> Chapter 26's images
09-12-2021 12:51:19 - crawler.spider.Crawl - DEBUG --> Uploaded to drive --> Chapter 26's images
09-12-2021 12:51:19 - crawler.spider.Crawl - INFO --> Downloaded chapter: 26/181
09-12-2021 12:51:19 - crawler.spider.Crawl - DEBUG --> Garbage collector --> collected 11723 objects
09-12-2021 12:51:22 - crawler.spider.Crawl - DEBUG --> Fetched --> Chapter 27's images
09-12-2021 12:51:42 - crawler.spider.Crawl - DEBUG --> Uploaded to drive --> Chapter 27's images
09-12-2021 12:51:42 - crawler.spider.Crawl - INFO --> Downloaded chapter: 27/181
09-12-2021 12:51:42 - crawler.spider.Crawl - DEBUG --> Garbage collector --> collected 7675 objects
09-12-2021 12:51:46 - crawler.spider.Crawl - DEBUG --> Fetched --> Chapter 28's images
09-12-2021 12:52:07 - crawler.spider.Crawl - DEBUG --> Uploaded to drive --> Chapter 28's images
09-12-2021 12:52:07 - crawler.spider.Crawl - INFO --> Downloaded chapter: 28/181
09-12-2021 12:52:08 - crawler.spider.Crawl - DEBUG --> Garbage collector --> collected 6506 objects
09-12-2021 12:52:14 - crawler.spider.Crawl - DEBUG --> Fetched --> Chapter 29's images
09-12-2021 12:52:36 - crawler.spider.Crawl - DEBUG --> Uploaded to drive --> Chapter 29's images
09-12-2021 12:52:36 - crawler.spider.Crawl - INFO --> Downloaded chapter: 29/181
09-12-2021 12:52:36 - crawler.spider.Crawl - DEBUG --> Garbage collector --> collected 4935 objects
09-12-2021 12:52:42 - crawler.spider.Crawl - DEBUG --> Fetched --> Chapter 30's images
09-12-2021 12:53:00 - crawler.spider.Crawl - DEBUG --> Uploaded to drive --> Chapter 30's images
09-12-2021 12:53:00 - crawler.spider.Crawl - INFO --> Downloaded chapter: 30/181
09-12-2021 12:53:00 - crawler.spider.Crawl - DEBUG --> Garbage collector --> collected 3513 objects
09-12-2021 12:53:08 - crawler.spider.Crawl - DEBUG --> Fetched --> Chapter 31's images
09-12-2021 12:53:21 - crawler.spider.Crawl - DEBUG --> Uploaded to drive --> Chapter 31's images
09-12-2021 12:53:21 - crawler.spider.Crawl - INFO --> Downloaded chapter: 31/181
09-12-2021 12:53:21 - crawler.spider.Crawl - DEBUG --> Garbage collector --> collected 2432 objects
09-12-2021 12:53:29 - crawler.spider.Crawl - DEBUG --> Fetched --> Chapter 32's images
09-12-2021 12:53:45 - crawler.spider.Crawl - DEBUG --> Uploaded to drive --> Chapter 32's images
09-12-2021 12:53:45 - crawler.spider.Crawl - INFO --> Downloaded chapter: 32/181
09-12-2021 12:53:46 - crawler.spider.Crawl - DEBUG --> Garbage collector --> collected 6270 objects
09-12-2021 12:53:56 - crawler.spider.Crawl - DEBUG --> Fetched --> Chapter 33's images
09-12-2021 12:54:16 - crawler.spider.Crawl - DEBUG --> Uploaded to drive --> Chapter 33's images
09-12-2021 12:54:16 - crawler.spider.Crawl - INFO --> Downloaded chapter: 33/181
09-12-2021 12:54:16 - crawler.spider.Crawl - DEBUG --> Garbage collector --> collected 6273 objects
09-12-2021 12:54:26 - crawler.spider.Crawl - DEBUG --> Fetched --> Chapter 34's images
09-12-2021 12:54:53 - crawler.spider.Crawl - DEBUG --> Uploaded to drive --> Chapter 34's images
09-12-2021 12:54:53 - crawler.spider.Crawl - INFO --> Downloaded chapter: 34/181
09-12-2021 12:54:53 - crawler.spider.Crawl - DEBUG --> Garbage collector --> collected 7949 objects
09-12-2021 12:55:04 - crawler.spider.Crawl - DEBUG --> Fetched --> Chapter 35's images
09-12-2021 12:55:34 - crawler.spider.Crawl - DEBUG --> Uploaded to drive --> Chapter 35's images
09-12-2021 12:55:34 - crawler.spider.Crawl - INFO --> Downloaded chapter: 35/181
09-12-2021 12:55:34 - crawler.spider.Crawl - DEBUG --> Garbage collector --> collected 10008 objects
09-12-2021 12:55:45 - crawler.spider.Crawl - DEBUG --> Fetched --> Chapter 36's images
09-12-2021 12:56:07 - crawler.spider.Crawl - DEBUG --> Uploaded to drive --> Chapter 36's images
09-12-2021 12:56:07 - crawler.spider.Crawl - INFO --> Downloaded chapter: 36/181
09-12-2021 12:56:07 - crawler.spider.Crawl - DEBUG --> Garbage collector --> collected 7878 objects
09-12-2021 12:56:17 - crawler.spider.Crawl - DEBUG --> Fetched --> Chapter 37's images
09-12-2021 12:56:36 - crawler.spider.Crawl - DEBUG --> Uploaded to drive --> Chapter 37's images
09-12-2021 12:56:36 - crawler.spider.Crawl - INFO --> Downloaded chapter: 37/181
09-12-2021 12:56:36 - crawler.spider.Crawl - DEBUG --> Garbage collector --> collected 8229 objects
09-12-2021 12:56:42 - crawler.spider.Crawl - DEBUG --> Fetched --> Chapter 38's images
09-12-2021 12:57:11 - crawler.spider.Crawl - DEBUG --> Uploaded to drive --> Chapter 38's images
09-12-2021 12:57:11 - crawler.spider.Crawl - INFO --> Downloaded chapter: 38/181
09-12-2021 12:57:11 - crawler.spider.Crawl - DEBUG --> Garbage collector --> collected 9718 objects
09-12-2021 12:57:15 - crawler.spider.Crawl - DEBUG --> Fetched --> Chapter 39's images
09-12-2021 12:57:45 - crawler.spider.Crawl - DEBUG --> Uploaded to drive --> Chapter 39's images
09-12-2021 12:57:45 - crawler.spider.Crawl - INFO --> Downloaded chapter: 39/181
09-12-2021 12:57:45 - crawler.spider.Crawl - DEBUG --> Garbage collector --> collected 10315 objects
09-12-2021 12:57:50 - crawler.spider.Crawl - DEBUG --> Fetched --> Chapter 40's images
09-12-2021 12:58:14 - crawler.spider.Crawl - DEBUG --> Uploaded to drive --> Chapter 40's images
09-12-2021 12:58:14 - crawler.spider.Crawl - INFO --> Downloaded chapter: 40/181
09-12-2021 12:58:14 - crawler.spider.Crawl - DEBUG --> Garbage collector --> collected 4869 objects
09-12-2021 12:58:17 - crawler.spider.Crawl - DEBUG --> Fetched --> Chapter 41's images
09-12-2021 12:58:43 - crawler.spider.Crawl - DEBUG --> Uploaded to drive --> Chapter 41's images
09-12-2021 12:58:43 - crawler.spider.Crawl - INFO --> Downloaded chapter: 41/181
09-12-2021 12:58:43 - crawler.spider.Crawl - DEBUG --> Garbage collector --> collected 9558 objects
09-12-2021 12:58:56 - crawler.spider.Crawl - DEBUG --> Fetched --> Chapter 42's images
09-12-2021 12:59:19 - crawler.spider.Crawl - DEBUG --> Uploaded to drive --> Chapter 42's images
09-12-2021 12:59:19 - crawler.spider.Crawl - INFO --> Downloaded chapter: 42/181
09-12-2021 12:59:20 - crawler.spider.Crawl - DEBUG --> Garbage collector --> collected 13382 objects
09-12-2021 12:59:30 - crawler.spider.Crawl - DEBUG --> Fetched --> Chapter 43's images
09-12-2021 12:59:52 - crawler.spider.Crawl - DEBUG --> Uploaded to drive --> Chapter 43's images
09-12-2021 12:59:52 - crawler.spider.Crawl - INFO --> Downloaded chapter: 43/181
09-12-2021 12:59:52 - crawler.spider.Crawl - DEBUG --> Garbage collector --> collected 6024 objects
09-12-2021 13:00:04 - crawler.spider.Crawl - DEBUG --> Fetched --> Chapter 44's images
09-12-2021 13:00:20 - crawler.spider.Crawl - DEBUG --> Uploaded to drive --> Chapter 44's images
09-12-2021 13:00:20 - crawler.spider.Crawl - INFO --> Downloaded chapter: 44/181
09-12-2021 13:00:20 - crawler.spider.Crawl - DEBUG --> Garbage collector --> collected 5599 objects
09-12-2021 13:00:31 - crawler.spider.Crawl - DEBUG --> Fetched --> Chapter 45's images
09-12-2021 13:00:54 - crawler.spider.Crawl - DEBUG --> Uploaded to drive --> Chapter 45's images
09-12-2021 13:00:54 - crawler.spider.Crawl - INFO --> Downloaded chapter: 45/181
09-12-2021 13:00:54 - crawler.spider.Crawl - DEBUG --> Garbage collector --> collected 3424 objects
09-12-2021 13:01:07 - crawler.spider.Crawl - DEBUG --> Fetched --> Chapter 46's images
09-12-2021 13:01:36 - crawler.spider.Crawl - DEBUG --> Uploaded to drive --> Chapter 46's images
09-12-2021 13:01:36 - crawler.spider.Crawl - INFO --> Downloaded chapter: 46/181
09-12-2021 13:01:36 - crawler.spider.Crawl - DEBUG --> Garbage collector --> collected 8846 objects
09-12-2021 13:01:38 - crawler.spider.Crawl - DEBUG --> Fetched --> Chapter 47's images
09-12-2021 13:02:03 - crawler.spider.Crawl - DEBUG --> Uploaded to drive --> Chapter 47's images
09-12-2021 13:02:03 - crawler.spider.Crawl - INFO --> Downloaded chapter: 47/181
09-12-2021 13:02:03 - crawler.spider.Crawl - DEBUG --> Garbage collector --> collected 7518 objects
09-12-2021 13:02:12 - crawler.spider.Crawl - DEBUG --> Fetched --> Chapter 48's images
09-12-2021 13:02:28 - crawler.spider.Crawl - DEBUG --> Uploaded to drive --> Chapter 48's images
09-12-2021 13:02:28 - crawler.spider.Crawl - INFO --> Downloaded chapter: 48/181
09-12-2021 13:02:28 - crawler.spider.Crawl - DEBUG --> Garbage collector --> collected 5500 objects
09-12-2021 13:02:32 - crawler.spider.Crawl - DEBUG --> Fetched --> Chapter 49's images
09-12-2021 13:02:51 - crawler.spider.Crawl - DEBUG --> Uploaded to drive --> Chapter 49's images
09-12-2021 13:02:51 - crawler.spider.Crawl - INFO --> Downloaded chapter: 49/181
09-12-2021 13:02:51 - crawler.spider.Crawl - DEBUG --> Garbage collector --> collected 4683 objects
09-12-2021 13:02:56 - crawler.spider.Crawl - DEBUG --> Fetched --> Chapter 50's images
09-12-2021 13:03:17 - crawler.spider.Crawl - DEBUG --> Uploaded to drive --> Chapter 50's images
09-12-2021 13:03:17 - crawler.spider.Crawl - INFO --> Downloaded chapter: 50/181
09-12-2021 13:03:17 - crawler.spider.Crawl - DEBUG --> Garbage collector --> collected 5587 objects
09-12-2021 13:03:29 - crawler.spider.Crawl - DEBUG --> Fetched --> Chapter 51's images
09-12-2021 13:04:00 - crawler.spider.Crawl - DEBUG --> Uploaded to drive --> Chapter 51's images
09-12-2021 13:04:00 - crawler.spider.Crawl - INFO --> Downloaded chapter: 51/181
09-12-2021 13:04:00 - crawler.spider.Crawl - DEBUG --> Garbage collector --> collected 9278 objects
09-12-2021 13:04:12 - crawler.spider.Crawl - DEBUG --> Fetched --> Chapter 52's images
09-12-2021 13:04:39 - crawler.spider.Crawl - DEBUG --> Uploaded to drive --> Chapter 52's images
09-12-2021 13:04:39 - crawler.spider.Crawl - INFO --> Downloaded chapter: 52/181
09-12-2021 13:04:39 - crawler.spider.Crawl - DEBUG --> Garbage collector --> collected 5787 objects
09-12-2021 13:04:50 - crawler.spider.Crawl - DEBUG --> Fetched --> Chapter 53's images
09-12-2021 13:05:14 - crawler.spider.Crawl - DEBUG --> Uploaded to drive --> Chapter 53's images
09-12-2021 13:05:14 - crawler.spider.Crawl - INFO --> Downloaded chapter: 53/181
09-12-2021 13:05:14 - crawler.spider.Crawl - DEBUG --> Garbage collector --> collected 8301 objects
09-12-2021 13:05:26 - crawler.spider.Crawl - DEBUG --> Fetched --> Chapter 54's images
09-12-2021 13:05:55 - crawler.spider.Crawl - DEBUG --> Uploaded to drive --> Chapter 54's images
09-12-2021 13:05:55 - crawler.spider.Crawl - INFO --> Downloaded chapter: 54/181
09-12-2021 13:05:55 - crawler.spider.Crawl - DEBUG --> Garbage collector --> collected 6329 objects
09-12-2021 13:06:16 - crawler.utils.retry - WARNING --> Image Content: async_fetch failed with: Timeout error
09-12-2021 13:06:16 - crawler.utils.retry - WARNING --> Image Content: Retrying async_fetch (retry: #0)
09-12-2021 13:06:16 - crawler.utils.retry - WARNING --> Image Content: async_fetch failed with: Timeout error
09-12-2021 13:06:16 - crawler.utils.retry - WARNING --> Image Content: Retrying async_fetch (retry: #1)
09-12-2021 13:06:16 - crawler.utils.retry - WARNING --> Image Content: async_fetch failed with: Timeout error
09-12-2021 13:06:16 - crawler.utils.retry - WARNING --> Image Content: Retrying async_fetch (retry: #2)
09-12-2021 13:06:16 - crawler.utils.retry - WARNING --> Image Content: async_fetch failed with: Timeout error
09-12-2021 13:06:16 - crawler.utils.retry - WARNING --> Image Content: Retrying async_fetch (retry: #3)
09-12-2021 13:06:16 - crawler.utils.retry - WARNING --> Image Content: async_fetch failed with: Timeout error
09-12-2021 13:06:16 - crawler.utils.retry - WARNING --> Image Content: Retrying async_fetch (retry: #4)
09-12-2021 13:06:16 - crawler.utils.retry - WARNING --> Image Content: async_fetch failed with: Timeout error
09-12-2021 13:06:16 - crawler.utils.retry - WARNING --> Image Content: Retrying async_fetch (retry: #5)
09-12-2021 13:06:16 - crawler.utils.retry - WARNING --> Image Content: async_fetch failed with: Timeout error
09-12-2021 13:06:16 - crawler.utils.retry - WARNING --> Image Content: Retrying async_fetch (retry: #6)
09-12-2021 13:06:16 - crawler.utils.retry - WARNING --> Image Content: async_fetch failed with: Timeout error
09-12-2021 13:06:16 - crawler.utils.retry - ERROR --> Image Content: async_fetch failed after 7 retries --> Timeout error
09-12-2021 13:06:16 - crawler.utils.retry - WARNING --> Image Content: async_fetch failed with: Timeout error
09-12-2021 13:06:16 - crawler.utils.retry - ERROR --> Image Content: async_fetch failed after 7 retries --> Timeout error
09-12-2021 13:06:16 - crawler.utils.retry - WARNING --> Image Content: async_fetch failed with: Timeout error
09-12-2021 13:06:16 - crawler.utils.retry - ERROR --> Image Content: async_fetch failed after 7 retries --> Timeout error
09-12-2021 13:06:16 - crawler.utils.retry - WARNING --> Image Content: async_fetch failed with: Timeout error
09-12-2021 13:06:16 - crawler.utils.retry - ERROR --> Image Content: async_fetch failed after 7 retries --> Timeout error
09-12-2021 13:06:16 - crawler.utils.retry - WARNING --> Image Content: async_fetch failed with: Timeout error
09-12-2021 13:06:16 - crawler.utils.retry - ERROR --> Image Content: async_fetch failed after 7 retries --> Timeout error
09-12-2021 13:06:16 - crawler.utils.retry - WARNING --> Image Content: async_fetch failed with: Timeout error
09-12-2021 13:06:16 - crawler.utils.retry - ERROR --> Image Content: async_fetch failed after 7 retries --> Timeout error
09-12-2021 13:06:16 - crawler.utils.retry - WARNING --> Image Content: async_fetch failed with: Timeout error
09-12-2021 13:06:16 - crawler.utils.retry - ERROR --> Image Content: async_fetch failed after 7 retries --> Timeout error
09-12-2021 13:06:16 - crawler.utils.retry - WARNING --> Image Content: async_fetch failed with: Timeout error
09-12-2021 13:06:16 - crawler.utils.retry - ERROR --> Image Content: async_fetch failed after 7 retries --> Timeout error
09-12-2021 13:06:16 - crawler.utils.retry - WARNING --> Image Content: async_fetch failed with: Timeout error
09-12-2021 13:06:16 - crawler.utils.retry - ERROR --> Image Content: async_fetch failed after 7 retries --> Timeout error
09-12-2021 13:06:16 - crawler.utils.retry - WARNING --> Image Content: async_fetch failed with: Timeout error
09-12-2021 13:06:16 - crawler.utils.retry - ERROR --> Image Content: async_fetch failed after 7 retries --> Timeout error
09-12-2021 13:06:23 - crawler.utils.retry - INFO --> Image Content: async_fetch retry succeeded (retry: #16)
09-12-2021 13:06:28 - crawler.utils.retry - INFO --> Image Content: async_fetch retry succeeded (retry: #16)
09-12-2021 13:06:32 - crawler.utils.retry - INFO --> Image Content: async_fetch retry succeeded (retry: #16)
09-12-2021 13:06:32 - crawler.utils.retry - INFO --> Image Content: async_fetch retry succeeded (retry: #16)
09-12-2021 13:06:34 - crawler.utils.retry - INFO --> Image Content: async_fetch retry succeeded (retry: #16)
09-12-2021 13:06:35 - crawler.utils.retry - INFO --> Image Content: async_fetch retry succeeded (retry: #16)
09-12-2021 13:06:35 - crawler.utils.retry - INFO --> Image Content: async_fetch retry succeeded (retry: #16)
09-12-2021 13:06:35 - crawler.spider.Crawl - DEBUG --> Fetched --> Chapter 55's images
09-12-2021 13:06:49 - crawler.spider.Crawl - DEBUG --> Uploaded to drive --> Chapter 55's images
09-12-2021 13:06:49 - crawler.spider.Crawl - INFO --> Downloaded chapter: 55/181
09-12-2021 13:06:49 - crawler.spider.Crawl - DEBUG --> Garbage collector --> collected 4474 objects
09-12-2021 13:06:49 - crawler.spider.Crawl - DEBUG --> Fetched --> Chapter 56's images
09-12-2021 13:06:59 - crawler.spider.Crawl - DEBUG --> Uploaded to drive --> Chapter 56's images
09-12-2021 13:06:59 - crawler.spider.Crawl - INFO --> Downloaded chapter: 56/181
09-12-2021 13:06:59 - crawler.spider.Crawl - DEBUG --> Garbage collector --> collected 5831 objects
09-12-2021 13:06:59 - crawler.spider.Crawl - DEBUG --> Fetched --> Chapter 57's images
09-12-2021 13:07:12 - crawler.spider.Crawl - DEBUG --> Uploaded to drive --> Chapter 57's images
09-12-2021 13:07:12 - crawler.spider.Crawl - INFO --> Downloaded chapter: 57/181
09-12-2021 13:07:12 - crawler.spider.Crawl - DEBUG --> Garbage collector --> collected 6755 objects
09-12-2021 13:07:12 - crawler.spider.Crawl - DEBUG --> Fetched --> Chapter 58's images
09-12-2021 13:07:27 - crawler.spider.Crawl - DEBUG --> Uploaded to drive --> Chapter 58's images
09-12-2021 13:07:27 - crawler.spider.Crawl - INFO --> Downloaded chapter: 58/181
09-12-2021 13:07:27 - crawler.spider.Crawl - DEBUG --> Garbage collector --> collected 3948 objects
09-12-2021 13:07:27 - crawler.spider.Crawl - DEBUG --> Fetched --> Chapter 59's images
09-12-2021 13:07:41 - crawler.spider.Crawl - DEBUG --> Uploaded to drive --> Chapter 59's images
09-12-2021 13:07:41 - crawler.spider.Crawl - INFO --> Downloaded chapter: 59/181
09-12-2021 13:07:41 - crawler.spider.Crawl - DEBUG --> Garbage collector --> collected 6535 objects
09-12-2021 13:07:41 - crawler.spider.Crawl - DEBUG --> Fetched --> Chapter 60's images
09-12-2021 13:07:54 - crawler.spider.Crawl - DEBUG --> Uploaded to drive --> Chapter 60's images
09-12-2021 13:07:54 - crawler.spider.Crawl - INFO --> Downloaded chapter: 60/181
09-12-2021 13:07:54 - crawler.spider.Crawl - DEBUG --> Garbage collector --> collected 3130 objects
09-12-2021 13:07:54 - crawler.spider.Crawl - DEBUG --> Fetched --> Chapter 61's images
09-12-2021 13:08:18 - crawler.spider.Crawl - DEBUG --> Uploaded to drive --> Chapter 61's images
09-12-2021 13:08:18 - crawler.spider.Crawl - INFO --> Downloaded chapter: 61/181
09-12-2021 13:08:18 - crawler.spider.Crawl - DEBUG --> Garbage collector --> collected 6990 objects
09-12-2021 13:08:18 - crawler.spider.Crawl - DEBUG --> Fetched --> Chapter 62's images
09-12-2021 13:08:34 - crawler.spider.Crawl - DEBUG --> Uploaded to drive --> Chapter 62's images
09-12-2021 13:08:34 - crawler.spider.Crawl - INFO --> Downloaded chapter: 62/181
09-12-2021 13:08:34 - crawler.spider.Crawl - DEBUG --> Garbage collector --> collected 8238 objects
09-12-2021 13:08:34 - crawler.spider.Crawl - DEBUG --> Fetched --> Chapter 63's images
09-12-2021 13:08:51 - crawler.spider.Crawl - DEBUG --> Uploaded to drive --> Chapter 63's images
09-12-2021 13:08:51 - crawler.spider.Crawl - INFO --> Downloaded chapter: 63/181
09-12-2021 13:08:51 - crawler.spider.Crawl - DEBUG --> Garbage collector --> collected 3606 objects
09-12-2021 13:08:51 - crawler.spider.Crawl - DEBUG --> Fetched --> Chapter 64's images
09-12-2021 13:09:03 - crawler.spider.Crawl - DEBUG --> Uploaded to drive --> Chapter 64's images
09-12-2021 13:09:03 - crawler.spider.Crawl - INFO --> Downloaded chapter: 64/181
09-12-2021 13:09:03 - crawler.spider.Crawl - DEBUG --> Garbage collector --> collected 9521 objects
09-12-2021 13:09:03 - crawler.spider.Crawl - DEBUG --> Fetched --> Chapter 65's images
09-12-2021 13:09:17 - crawler.spider.Crawl - DEBUG --> Uploaded to drive --> Chapter 65's images
09-12-2021 13:09:17 - crawler.spider.Crawl - INFO --> Downloaded chapter: 65/181
09-12-2021 13:09:18 - crawler.spider.Crawl - DEBUG --> Garbage collector --> collected 5914 objects
09-12-2021 13:09:18 - crawler.spider.Crawl - DEBUG --> Fetched --> Chapter 66's images
09-12-2021 13:09:40 - crawler.spider.Crawl - DEBUG --> Uploaded to drive --> Chapter 66's images
09-12-2021 13:09:40 - crawler.spider.Crawl - INFO --> Downloaded chapter: 66/181
09-12-2021 13:09:41 - crawler.spider.Crawl - DEBUG --> Garbage collector --> collected 6106 objects
09-12-2021 13:09:41 - crawler.spider.Crawl - DEBUG --> Fetched --> Chapter 67's images
09-12-2021 13:10:02 - crawler.spider.Crawl - DEBUG --> Uploaded to drive --> Chapter 67's images
09-12-2021 13:10:02 - crawler.spider.Crawl - INFO --> Downloaded chapter: 67/181
09-12-2021 13:10:02 - crawler.spider.Crawl - DEBUG --> Garbage collector --> collected 12441 objects
09-12-2021 13:10:02 - crawler.spider.Crawl - DEBUG --> Fetched --> Chapter 68's images
09-12-2021 13:10:27 - crawler.spider.Crawl - DEBUG --> Uploaded to drive --> Chapter 68's images
09-12-2021 13:10:27 - crawler.spider.Crawl - INFO --> Downloaded chapter: 68/181
09-12-2021 13:10:27 - crawler.spider.Crawl - DEBUG --> Garbage collector --> collected 6411 objects
09-12-2021 13:10:27 - crawler.spider.Crawl - DEBUG --> Fetched --> Chapter 69's images
09-12-2021 13:10:44 - crawler.spider.Crawl - DEBUG --> Uploaded to drive --> Chapter 69's images
09-12-2021 13:10:44 - crawler.spider.Crawl - INFO --> Downloaded chapter: 69/181
09-12-2021 13:10:44 - crawler.spider.Crawl - DEBUG --> Garbage collector --> collected 3782 objects
09-12-2021 13:10:44 - crawler.spider.Crawl - DEBUG --> Fetched --> Chapter 70's images
09-12-2021 13:11:07 - crawler.spider.Crawl - DEBUG --> Uploaded to drive --> Chapter 70's images
09-12-2021 13:11:07 - crawler.spider.Crawl - INFO --> Downloaded chapter: 70/181
09-12-2021 13:11:08 - crawler.spider.Crawl - DEBUG --> Garbage collector --> collected 4493 objects
09-12-2021 13:11:08 - crawler.spider.Crawl - DEBUG --> Fetched --> Chapter 71's images
09-12-2021 13:11:30 - crawler.spider.Crawl - DEBUG --> Uploaded to drive --> Chapter 71's images
09-12-2021 13:11:30 - crawler.spider.Crawl - INFO --> Downloaded chapter: 71/181
09-12-2021 13:11:31 - crawler.spider.Crawl - DEBUG --> Garbage collector --> collected 4935 objects
09-12-2021 13:11:31 - crawler.spider.Crawl - DEBUG --> Fetched --> Chapter 72's images
09-12-2021 13:11:50 - crawler.spider.Crawl - DEBUG --> Uploaded to drive --> Chapter 72's images
09-12-2021 13:11:50 - crawler.spider.Crawl - INFO --> Downloaded chapter: 72/181
09-12-2021 13:11:50 - crawler.spider.Crawl - DEBUG --> Garbage collector --> collected 5402 objects
09-12-2021 13:11:50 - crawler.spider.Crawl - DEBUG --> Fetched --> Chapter 73's images
09-12-2021 13:12:15 - crawler.spider.Crawl - DEBUG --> Uploaded to drive --> Chapter 73's images
09-12-2021 13:12:15 - crawler.spider.Crawl - INFO --> Downloaded chapter: 73/181
09-12-2021 13:12:15 - crawler.spider.Crawl - DEBUG --> Garbage collector --> collected 7709 objects
09-12-2021 13:12:15 - crawler.spider.Crawl - DEBUG --> Fetched --> Chapter 74's images
09-12-2021 13:12:40 - crawler.spider.Crawl - DEBUG --> Uploaded to drive --> Chapter 74's images
09-12-2021 13:12:40 - crawler.spider.Crawl - INFO --> Downloaded chapter: 74/181
09-12-2021 13:12:40 - crawler.spider.Crawl - DEBUG --> Garbage collector --> collected 5796 objects
09-12-2021 13:12:40 - crawler.spider.Crawl - DEBUG --> Fetched --> Chapter 75's images
09-12-2021 13:12:57 - crawler.spider.Crawl - DEBUG --> Uploaded to drive --> Chapter 75's images
09-12-2021 13:12:57 - crawler.spider.Crawl - INFO --> Downloaded chapter: 75/181
09-12-2021 13:12:57 - crawler.spider.Crawl - DEBUG --> Garbage collector --> collected 2980 objects
09-12-2021 13:12:57 - crawler.spider.Crawl - DEBUG --> Fetched --> Chapter 76's images
09-12-2021 13:13:18 - crawler.spider.Crawl - DEBUG --> Uploaded to drive --> Chapter 76's images
09-12-2021 13:13:18 - crawler.spider.Crawl - INFO --> Downloaded chapter: 76/181
09-12-2021 13:13:18 - crawler.spider.Crawl - DEBUG --> Garbage collector --> collected 3301 objects
09-12-2021 13:13:18 - crawler.spider.Crawl - DEBUG --> Fetched --> Chapter 77's images
09-12-2021 13:13:26 - crawler.spider.Crawl - DEBUG --> Uploaded to drive --> Chapter 77's images
09-12-2021 13:13:26 - crawler.spider.Crawl - INFO --> Downloaded chapter: 77/181
09-12-2021 13:13:26 - crawler.spider.Crawl - DEBUG --> Garbage collector --> collected 2645 objects
09-12-2021 13:13:26 - crawler.spider.Crawl - DEBUG --> Fetched --> Chapter 78's images
09-12-2021 13:13:43 - crawler.spider.Crawl - DEBUG --> Uploaded to drive --> Chapter 78's images
09-12-2021 13:13:43 - crawler.spider.Crawl - INFO --> Downloaded chapter: 78/181
09-12-2021 13:13:43 - crawler.spider.Crawl - DEBUG --> Garbage collector --> collected 3944 objects
09-12-2021 13:13:43 - crawler.spider.Crawl - DEBUG --> Fetched --> Chapter 79's images
09-12-2021 13:14:05 - crawler.spider.Crawl - DEBUG --> Uploaded to drive --> Chapter 79's images
09-12-2021 13:14:05 - crawler.spider.Crawl - INFO --> Downloaded chapter: 79/181
09-12-2021 13:14:05 - crawler.spider.Crawl - DEBUG --> Garbage collector --> collected 5199 objects
09-12-2021 13:14:05 - crawler.spider.Crawl - DEBUG --> Fetched --> Chapter 80's images
09-12-2021 13:14:24 - crawler.spider.Crawl - DEBUG --> Uploaded to drive --> Chapter 80's images
09-12-2021 13:14:24 - crawler.spider.Crawl - INFO --> Downloaded chapter: 80/181
09-12-2021 13:14:24 - crawler.spider.Crawl - DEBUG --> Garbage collector --> collected 3608 objects
09-12-2021 13:14:24 - crawler.spider.Crawl - DEBUG --> Fetched --> Chapter 81's images
09-12-2021 13:14:43 - crawler.spider.Crawl - DEBUG --> Uploaded to drive --> Chapter 81's images
09-12-2021 13:14:43 - crawler.spider.Crawl - INFO --> Downloaded chapter: 81/181
09-12-2021 13:14:43 - crawler.spider.Crawl - DEBUG --> Garbage collector --> collected 4017 objects
09-12-2021 13:14:43 - crawler.spider.Crawl - DEBUG --> Fetched --> Chapter 82's images
09-12-2021 13:15:01 - crawler.spider.Crawl - DEBUG --> Uploaded to drive --> Chapter 82's images
09-12-2021 13:15:01 - crawler.spider.Crawl - INFO --> Downloaded chapter: 82/181
09-12-2021 13:15:01 - crawler.spider.Crawl - DEBUG --> Garbage collector --> collected 7959 objects
09-12-2021 13:15:01 - crawler.spider.Crawl - DEBUG --> Fetched --> Chapter 83's images
09-12-2021 13:15:22 - crawler.spider.Crawl - DEBUG --> Uploaded to drive --> Chapter 83's images
09-12-2021 13:15:22 - crawler.spider.Crawl - INFO --> Downloaded chapter: 83/181
09-12-2021 13:15:22 - crawler.spider.Crawl - DEBUG --> Garbage collector --> collected 5083 objects
09-12-2021 13:15:22 - crawler.spider.Crawl - DEBUG --> Fetched --> Chapter 84's images
09-12-2021 13:15:34 - crawler.spider.Crawl - DEBUG --> Uploaded to drive --> Chapter 84's images
09-12-2021 13:15:34 - crawler.spider.Crawl - INFO --> Downloaded chapter: 84/181
09-12-2021 13:15:34 - crawler.spider.Crawl - DEBUG --> Garbage collector --> collected 5045 objects
09-12-2021 13:15:34 - crawler.spider.Crawl - DEBUG --> Fetched --> Chapter 85's images
09-12-2021 13:16:03 - crawler.spider.Crawl - DEBUG --> Uploaded to drive --> Chapter 85's images
09-12-2021 13:16:03 - crawler.spider.Crawl - INFO --> Downloaded chapter: 85/181
09-12-2021 13:16:03 - crawler.spider.Crawl - DEBUG --> Garbage collector --> collected 4513 objects
09-12-2021 13:16:03 - crawler.spider.Crawl - DEBUG --> Fetched --> Chapter 86's images
09-12-2021 13:16:25 - crawler.spider.Crawl - DEBUG --> Uploaded to drive --> Chapter 86's images
09-12-2021 13:16:25 - crawler.spider.Crawl - INFO --> Downloaded chapter: 86/181
09-12-2021 13:16:25 - crawler.spider.Crawl - DEBUG --> Garbage collector --> collected 7461 objects
09-12-2021 13:16:25 - crawler.spider.Crawl - DEBUG --> Fetched --> Chapter 87's images
09-12-2021 13:16:44 - crawler.spider.Crawl - DEBUG --> Uploaded to drive --> Chapter 87's images
09-12-2021 13:16:44 - crawler.spider.Crawl - INFO --> Downloaded chapter: 87/181
09-12-2021 13:16:44 - crawler.spider.Crawl - DEBUG --> Garbage collector --> collected 4411 objects
09-12-2021 13:16:44 - crawler.spider.Crawl - DEBUG --> Fetched --> Chapter 88's images
09-12-2021 13:17:03 - crawler.spider.Crawl - DEBUG --> Uploaded to drive --> Chapter 88's images
09-12-2021 13:17:03 - crawler.spider.Crawl - INFO --> Downloaded chapter: 88/181
09-12-2021 13:17:03 - crawler.spider.Crawl - DEBUG --> Garbage collector --> collected 6117 objects
09-12-2021 13:17:03 - crawler.spider.Crawl - DEBUG --> Fetched --> Chapter 89's images
09-12-2021 13:17:19 - crawler.spider.Crawl - DEBUG --> Uploaded to drive --> Chapter 89's images
09-12-2021 13:17:19 - crawler.spider.Crawl - INFO --> Downloaded chapter: 89/181
09-12-2021 13:17:19 - crawler.spider.Crawl - DEBUG --> Garbage collector --> collected 4454 objects
09-12-2021 13:17:19 - crawler.spider.Crawl - DEBUG --> Fetched --> Chapter 90's images
09-12-2021 13:17:30 - crawler.spider.Crawl - DEBUG --> Uploaded to drive --> Chapter 90's images
09-12-2021 13:17:30 - crawler.spider.Crawl - INFO --> Downloaded chapter: 90/181
09-12-2021 13:17:31 - crawler.spider.Crawl - DEBUG --> Garbage collector --> collected 8207 objects
09-12-2021 13:17:31 - crawler.spider.Crawl - DEBUG --> Fetched --> Chapter 91's images
09-12-2021 13:17:43 - crawler.spider.Crawl - DEBUG --> Uploaded to drive --> Chapter 91's images
09-12-2021 13:17:43 - crawler.spider.Crawl - INFO --> Downloaded chapter: 91/181
09-12-2021 13:17:43 - crawler.spider.Crawl - DEBUG --> Garbage collector --> collected 5124 objects
09-12-2021 13:17:43 - crawler.spider.Crawl - DEBUG --> Fetched --> Chapter 92's images
09-12-2021 13:18:07 - crawler.spider.Crawl - DEBUG --> Uploaded to drive --> Chapter 92's images
09-12-2021 13:18:07 - crawler.spider.Crawl - INFO --> Downloaded chapter: 92/181
09-12-2021 13:18:07 - crawler.spider.Crawl - DEBUG --> Garbage collector --> collected 4554 objects
09-12-2021 13:18:07 - crawler.spider.Crawl - DEBUG --> Fetched --> Chapter 93's images
09-12-2021 13:18:22 - crawler.spider.Crawl - DEBUG --> Uploaded to drive --> Chapter 93's images
09-12-2021 13:18:22 - crawler.spider.Crawl - INFO --> Downloaded chapter: 93/181
09-12-2021 13:18:22 - crawler.spider.Crawl - DEBUG --> Garbage collector --> collected 3335 objects
09-12-2021 13:18:22 - crawler.spider.Crawl - DEBUG --> Fetched --> Chapter 94's images
09-12-2021 13:19:02 - crawler.spider.Crawl - DEBUG --> Uploaded to drive --> Chapter 94's images
09-12-2021 13:19:02 - crawler.spider.Crawl - INFO --> Downloaded chapter: 94/181
09-12-2021 13:19:02 - crawler.spider.Crawl - DEBUG --> Garbage collector --> collected 9482 objects
09-12-2021 13:19:02 - crawler.spider.Crawl - DEBUG --> Fetched --> Chapter 95's images
09-12-2021 13:19:12 - crawler.spider.Crawl - DEBUG --> Uploaded to drive --> Chapter 95's images
09-12-2021 13:19:12 - crawler.spider.Crawl - INFO --> Downloaded chapter: 95/181
09-12-2021 13:19:12 - crawler.spider.Crawl - DEBUG --> Garbage collector --> collected 2765 objects
09-12-2021 13:19:12 - crawler.spider.Crawl - DEBUG --> Fetched --> Chapter 96's images
09-12-2021 13:19:30 - crawler.spider.Crawl - DEBUG --> Uploaded to drive --> Chapter 96's images
09-12-2021 13:19:30 - crawler.spider.Crawl - INFO --> Downloaded chapter: 96/181
09-12-2021 13:19:30 - crawler.spider.Crawl - DEBUG --> Garbage collector --> collected 4716 objects
09-12-2021 13:19:30 - crawler.spider.Crawl - DEBUG --> Fetched --> Chapter 97's images
09-12-2021 13:20:37 - crawler.spider.Crawl - DEBUG --> Uploaded to drive --> Chapter 97's images
09-12-2021 13:20:37 - crawler.spider.Crawl - INFO --> Downloaded chapter: 97/181
09-12-2021 13:20:38 - crawler.spider.Crawl - DEBUG --> Garbage collector --> collected 10157 objects
09-12-2021 13:20:38 - crawler.spider.Crawl - DEBUG --> Fetched --> Chapter 98's images
09-12-2021 13:20:55 - crawler.spider.Crawl - DEBUG --> Uploaded to drive --> Chapter 98's images
09-12-2021 13:20:55 - crawler.spider.Crawl - INFO --> Downloaded chapter: 98/181
09-12-2021 13:20:55 - crawler.spider.Crawl - DEBUG --> Garbage collector --> collected 8281 objects
09-12-2021 13:20:55 - crawler.spider.Crawl - DEBUG --> Fetched --> Chapter 99's images
09-12-2021 13:21:29 - crawler.spider.Crawl - DEBUG --> Uploaded to drive --> Chapter 99's images
09-12-2021 13:21:29 - crawler.spider.Crawl - INFO --> Downloaded chapter: 99/181
09-12-2021 13:22:03 - crawler.utils.retry - WARNING --> dummy content: dummy failed with: Error: Dummy
09-12-2021 13:22:03 - crawler.utils.retry - WARNING --> dummy content: Retrying dummy (retry: #0)
09-12-2021 13:22:04 - crawler.utils.retry - WARNING --> dummy content: dummy failed with: Error: Dummy
09-12-2021 13:22:04 - crawler.utils.retry - WARNING --> dummy content: Retrying dummy (retry: #1)
09-12-2021 13:22:04 - crawler.utils.retry - WARNING --> dummy content: dummy failed with: Error: Dummy
09-12-2021 13:22:04 - crawler.utils.retry - WARNING --> dummy content: Retrying dummy (retry: #2)
09-12-2021 13:22:05 - crawler.utils.retry - WARNING --> dummy content: dummy failed with: Error: Dummy
09-12-2021 13:22:05 - crawler.utils.retry - ERROR --> dummy content: dummy failed after 3 retries --> Error: Dummy
09-12-2021 13:22:16 - crawler.utils.retry - WARNING --> dummy content: dummy failed with: Error: Dummy
09-12-2021 13:22:16 - crawler.utils.retry - WARNING --> dummy content: Retrying dummy (retry: #0)
09-12-2021 13:22:17 - crawler.utils.retry - WARNING --> dummy content: dummy failed with: Error: Dummy
09-12-2021 13:22:17 - crawler.utils.retry - WARNING --> dummy content: Retrying dummy (retry: #1)
09-12-2021 13:22:17 - crawler.utils.retry - WARNING --> dummy content: dummy failed with: Error: Dummy
09-12-2021 13:22:17 - crawler.utils.retry - WARNING --> dummy content: Retrying dummy (retry: #2)
09-12-2021 13:22:18 - crawler.utils.retry - WARNING --> dummy content: dummy failed with: Error: Dummy
09-12-2021 13:22:18 - crawler.utils.retry - ERROR --> dummy content: dummy failed after 3 retries --> Error: Dummy
09-12-2021 13:23:03 - crawler.utils.retry - WARNING --> dummy content: dummy failed with: Error: Dummy
09-12-2021 13:23:03 - crawler.utils.retry - WARNING --> dummy content: Retrying dummy (retry: #0)
09-12-2021 13:23:03 - crawler.utils.retry - WARNING --> dummy content: dummy failed with: Error: Dummy
09-12-2021 13:23:03 - crawler.utils.retry - WARNING --> dummy content: Retrying dummy (retry: #1)
09-12-2021 13:23:03 - crawler.utils.retry - WARNING --> dummy content: dummy failed with: Error: Dummy
09-12-2021 13:23:03 - crawler.utils.retry - WARNING --> dummy content: Retrying dummy (retry: #2)
09-12-2021 13:23:04 - crawler.utils.retry - WARNING --> dummy content: dummy failed with: Error: Dummy
09-12-2021 13:23:04 - crawler.utils.retry - ERROR --> dummy content: dummy failed after 3 retries --> Error: Dummy
09-12-2021 13:23:04 - crawler.utils.retry - WARNING --> dummy content: dummy failed with: Error: Dummy
09-12-2021 13:23:04 - crawler.utils.retry - WARNING --> dummy content: Retrying dummy (retry: #0)
09-12-2021 13:23:04 - crawler.utils.retry - WARNING --> dummy content: dummy failed with: Error: Dummy
09-12-2021 13:23:04 - crawler.utils.retry - WARNING --> dummy content: Retrying dummy (retry: #1)
09-12-2021 13:23:05 - crawler.utils.retry - WARNING --> dummy content: dummy failed with: Error: Dummy
09-12-2021 13:23:05 - crawler.utils.retry - WARNING --> dummy content: Retrying dummy (retry: #2)
09-12-2021 13:23:06 - crawler.utils.retry - WARNING --> dummy content: dummy failed with: Error: Dummy
09-12-2021 13:23:06 - crawler.utils.retry - ERROR --> dummy content: dummy failed after 3 retries --> Error: Dummy
09-12-2021 13:33:38 - crawler.utils.retry - WARNING --> dummy content: dummy failed with: Error: Dummy
09-12-2021 13:33:38 - crawler.utils.retry - WARNING --> dummy content: Retrying dummy (retry: #0)
09-12-2021 13:33:38 - crawler.utils.retry - WARNING --> dummy content: dummy failed with: Error: Dummy
09-12-2021 13:33:38 - crawler.utils.retry - WARNING --> dummy content: Retrying dummy (retry: #1)
09-12-2021 13:33:39 - crawler.utils.retry - WARNING --> dummy content: dummy failed with: Error: Dummy
09-12-2021 13:33:39 - crawler.utils.retry - WARNING --> dummy content: Retrying dummy (retry: #2)
09-12-2021 13:33:39 - crawler.utils.retry - WARNING --> dummy content: dummy failed with: Error: Dummy
09-12-2021 13:33:39 - crawler.utils.retry - ERROR --> dummy content: dummy failed after 3 retries --> Error: Dummy
09-12-2021 13:33:39 - crawler.utils.retry - WARNING --> dummy content: dummy failed with: Error: Dummy
09-12-2021 13:33:39 - crawler.utils.retry - WARNING --> dummy content: Retrying dummy (retry: #0)
09-12-2021 13:33:40 - crawler.utils.retry - WARNING --> dummy content: dummy failed with: Error: Dummy
09-12-2021 13:33:40 - crawler.utils.retry - WARNING --> dummy content: Retrying dummy (retry: #1)
09-12-2021 13:33:40 - crawler.utils.retry - WARNING --> dummy content: dummy failed with: Error: Dummy
09-12-2021 13:33:40 - crawler.utils.retry - WARNING --> dummy content: Retrying dummy (retry: #2)
09-12-2021 13:33:41 - crawler.utils.retry - WARNING --> dummy content: dummy failed with: Error: Dummy
09-12-2021 13:33:41 - crawler.utils.retry - ERROR --> dummy content: dummy failed after 3 retries --> Error: Dummy
09-12-2021 13:34:23 - crawler.utils.retry - WARNING --> Content: dummy failed with: Error: Dummy
09-12-2021 13:34:23 - crawler.utils.retry - WARNING --> Content: Retrying dummy (retry: #0)
09-12-2021 13:34:23 - crawler.utils.retry - WARNING --> Content: dummy failed with: Error: Dummy
09-12-2021 13:34:23 - crawler.utils.retry - WARNING --> Content: Retrying dummy (retry: #1)
09-12-2021 13:34:23 - crawler.utils.retry - WARNING --> Content: dummy failed with: Error: Dummy
09-12-2021 13:34:23 - crawler.utils.retry - WARNING --> Content: Retrying dummy (retry: #2)
09-12-2021 13:34:24 - crawler.utils.retry - WARNING --> Content: dummy failed with: Error: Dummy
09-12-2021 13:34:24 - crawler.utils.retry - ERROR --> Content: dummy failed after 3 retries --> Error: Dummy
09-12-2021 13:34:24 - crawler.utils.retry - WARNING --> Image: dummy failed with: Error: Dummy
09-12-2021 13:34:24 - crawler.utils.retry - WARNING --> Image: Retrying dummy (retry: #0)
09-12-2021 13:34:24 - crawler.utils.retry - WARNING --> Image: dummy failed with: Error: Dummy
09-12-2021 13:34:24 - crawler.utils.retry - WARNING --> Image: Retrying dummy (retry: #1)
09-12-2021 13:34:25 - crawler.utils.retry - WARNING --> Image: dummy failed with: Error: Dummy
09-12-2021 13:34:25 - crawler.utils.retry - WARNING --> Image: Retrying dummy (retry: #2)
09-12-2021 13:34:25 - crawler.utils.retry - WARNING --> Image: dummy failed with: Error: Dummy
09-12-2021 13:34:25 - crawler.utils.retry - ERROR --> Image: dummy failed after 3 retries --> Error: Dummy
